-------------------------------------------------------------------------------
Test set: no.nav.identpool.rs.v1.FiktiveNavnComponentTest
-------------------------------------------------------------------------------
Tests run: 3, Failures: 0, Errors: 3, Skipped: 0, Time elapsed: 39.647 s <<< FAILURE! - in no.nav.identpool.rs.v1.FiktiveNavnComponentTest
happypathTestHentTilfeldigeNavn  Time elapsed: 0.012 s  <<< ERROR!
java.lang.IllegalStateException: Failed to load ApplicationContext
Caused by: org.springframework.beans.factory.UnsatisfiedDependencyException: Error creating bean with name 'oidcValidator' defined in class path resource [no/nav/freg/security/oidc/idp/validation/jose4j/Jose4jValidationConfig.class]: Unsatisfied dependency expressed through method 'oidcValidator' parameter 1; nested exception is org.springframework.beans.factory.UnsatisfiedDependencyException: Error creating bean with name 'jose4jConsumerFactory' defined in class path resource [no/nav/freg/security/oidc/idp/validation/jose4j/Jose4jValidationConfig.class]: Unsatisfied dependency expressed through method 'jose4jConsumerFactory' parameter 1; nested exception is org.springframework.beans.factory.UnsatisfiedDependencyException: Error creating bean with name 'idpRegistry' defined in class path resource [no/nav/freg/security/oidc/idp/config/IdpConfig.class]: Unsatisfied dependency expressed through method 'idpRegistry' parameter 0; nested exception is org.springframework.boot.context.properties.ConfigurationPropertiesBindException: Error creating bean with name 'freg.security.oidc-no.nav.freg.security.oidc.idp.config.IdpProperties': Could not bind properties to 'IdpProperties' : prefix=freg.security.oidc, ignoreInvalidFields=false, ignoreUnknownFields=true; nested exception is javax.validation.NoProviderFoundException: Unable to create a Configuration, because no Bean Validation provider could be found. Add a provider like Hibernate Validator (RI) to your classpath.
Caused by: org.springframework.beans.factory.UnsatisfiedDependencyException: Error creating bean with name 'jose4jConsumerFactory' defined in class path resource [no/nav/freg/security/oidc/idp/validation/jose4j/Jose4jValidationConfig.class]: Unsatisfied dependency expressed through method 'jose4jConsumerFactory' parameter 1; nested exception is org.springframework.beans.factory.UnsatisfiedDependencyException: Error creating bean with name 'idpRegistry' defined in class path resource [no/nav/freg/security/oidc/idp/config/IdpConfig.class]: Unsatisfied dependency expressed through method 'idpRegistry' parameter 0; nested exception is org.springframework.boot.context.properties.ConfigurationPropertiesBindException: Error creating bean with name 'freg.security.oidc-no.nav.freg.security.oidc.idp.config.IdpProperties': Could not bind properties to 'IdpProperties' : prefix=freg.security.oidc, ignoreInvalidFields=false, ignoreUnknownFields=true; nested exception is javax.validation.NoProviderFoundException: Unable to create a Configuration, because no Bean Validation provider could be found. Add a provider like Hibernate Validator (RI) to your classpath.
Caused by: org.springframework.beans.factory.UnsatisfiedDependencyException: Error creating bean with name 'idpRegistry' defined in class path resource [no/nav/freg/security/oidc/idp/config/IdpConfig.class]: Unsatisfied dependency expressed through method 'idpRegistry' parameter 0; nested exception is org.springframework.boot.context.properties.ConfigurationPropertiesBindException: Error creating bean with name 'freg.security.oidc-no.nav.freg.security.oidc.idp.config.IdpProperties': Could not bind properties to 'IdpProperties' : prefix=freg.security.oidc, ignoreInvalidFields=false, ignoreUnknownFields=true; nested exception is javax.validation.NoProviderFoundException: Unable to create a Configuration, because no Bean Validation provider could be found. Add a provider like Hibernate Validator (RI) to your classpath.
Caused by: org.springframework.boot.context.properties.ConfigurationPropertiesBindException: Error creating bean with name 'freg.security.oidc-no.nav.freg.security.oidc.idp.config.IdpProperties': Could not bind properties to 'IdpProperties' : prefix=freg.security.oidc, ignoreInvalidFields=false, ignoreUnknownFields=true; nested exception is javax.validation.NoProviderFoundException: Unable to create a Configuration, because no Bean Validation provider could be found. Add a provider like Hibernate Validator (RI) to your classpath.
Caused by: javax.validation.NoProviderFoundException: Unable to create a Configuration, because no Bean Validation provider could be found. Add a provider like Hibernate Validator (RI) to your classpath.

validereNavn  Time elapsed: 0 s  <<< ERROR!
java.lang.IllegalStateException: Failed to load ApplicationContext
Caused by: org.springframework.beans.factory.UnsatisfiedDependencyException: Error creating bean with name 'oidcValidator' defined in class path resource [no/nav/freg/security/oidc/idp/validation/jose4j/Jose4jValidationConfig.class]: Unsatisfied dependency expressed through method 'oidcValidator' parameter 1; nested exception is org.springframework.beans.factory.UnsatisfiedDependencyException: Error creating bean with name 'jose4jConsumerFactory' defined in class path resource [no/nav/freg/security/oidc/idp/validation/jose4j/Jose4jValidationConfig.class]: Unsatisfied dependency expressed through method 'jose4jConsumerFactory' parameter 1; nested exception is org.springframework.beans.factory.UnsatisfiedDependencyException: Error creating bean with name 'idpRegistry' defined in class path resource [no/nav/freg/security/oidc/idp/config/IdpConfig.class]: Unsatisfied dependency expressed through method 'idpRegistry' parameter 0; nested exception is org.springframework.boot.context.properties.ConfigurationPropertiesBindException: Error creating bean with name 'freg.security.oidc-no.nav.freg.security.oidc.idp.config.IdpProperties': Could not bind properties to 'IdpProperties' : prefix=freg.security.oidc, ignoreInvalidFields=false, ignoreUnknownFields=true; nested exception is javax.validation.NoProviderFoundException: Unable to create a Configuration, because no Bean Validation provider could be found. Add a provider like Hibernate Validator (RI) to your classpath.
Caused by: org.springframework.beans.factory.UnsatisfiedDependencyException: Error creating bean with name 'jose4jConsumerFactory' defined in class path resource [no/nav/freg/security/oidc/idp/validation/jose4j/Jose4jValidationConfig.class]: Unsatisfied dependency expressed through method 'jose4jConsumerFactory' parameter 1; nested exception is org.springframework.beans.factory.UnsatisfiedDependencyException: Error creating bean with name 'idpRegistry' defined in class path resource [no/nav/freg/security/oidc/idp/config/IdpConfig.class]: Unsatisfied dependency expressed through method 'idpRegistry' parameter 0; nested exception is org.springframework.boot.context.properties.ConfigurationPropertiesBindException: Error creating bean with name 'freg.security.oidc-no.nav.freg.security.oidc.idp.config.IdpProperties': Could not bind properties to 'IdpProperties' : prefix=freg.security.oidc, ignoreInvalidFields=false, ignoreUnknownFields=true; nested exception is javax.validation.NoProviderFoundException: Unable to create a Configuration, because no Bean Validation provider could be found. Add a provider like Hibernate Validator (RI) to your classpath.
Caused by: org.springframework.beans.factory.UnsatisfiedDependencyException: Error creating bean with name 'idpRegistry' defined in class path resource [no/nav/freg/security/oidc/idp/config/IdpConfig.class]: Unsatisfied dependency expressed through method 'idpRegistry' parameter 0; nested exception is org.springframework.boot.context.properties.ConfigurationPropertiesBindException: Error creating bean with name 'freg.security.oidc-no.nav.freg.security.oidc.idp.config.IdpProperties': Could not bind properties to 'IdpProperties' : prefix=freg.security.oidc, ignoreInvalidFields=false, ignoreUnknownFields=true; nested exception is javax.validation.NoProviderFoundException: Unable to create a Configuration, because no Bean Validation provider could be found. Add a provider like Hibernate Validator (RI) to your classpath.
Caused by: org.springframework.boot.context.properties.ConfigurationPropertiesBindException: Error creating bean with name 'freg.security.oidc-no.nav.freg.security.oidc.idp.config.IdpProperties': Could not bind properties to 'IdpProperties' : prefix=freg.security.oidc, ignoreInvalidFields=false, ignoreUnknownFields=true; nested exception is javax.validation.NoProviderFoundException: Unable to create a Configuration, because no Bean Validation provider could be found. Add a provider like Hibernate Validator (RI) to your classpath.
Caused by: javax.validation.NoProviderFoundException: Unable to create a Configuration, because no Bean Validation provider could be found. Add a provider like Hibernate Validator (RI) to your classpath.

hentEttTilfeldigNavn  Time elapsed: 0 s  <<< ERROR!
java.lang.IllegalStateException: Failed to load ApplicationContext
Caused by: org.springframework.beans.factory.UnsatisfiedDependencyException: Error creating bean with name 'oidcValidator' defined in class path resource [no/nav/freg/security/oidc/idp/validation/jose4j/Jose4jValidationConfig.class]: Unsatisfied dependency expressed through method 'oidcValidator' parameter 1; nested exception is org.springframework.beans.factory.UnsatisfiedDependencyException: Error creating bean with name 'jose4jConsumerFactory' defined in class path resource [no/nav/freg/security/oidc/idp/validation/jose4j/Jose4jValidationConfig.class]: Unsatisfied dependency expressed through method 'jose4jConsumerFactory' parameter 1; nested exception is org.springframework.beans.factory.UnsatisfiedDependencyException: Error creating bean with name 'idpRegistry' defined in class path resource [no/nav/freg/security/oidc/idp/config/IdpConfig.class]: Unsatisfied dependency expressed through method 'idpRegistry' parameter 0; nested exception is org.springframework.boot.context.properties.ConfigurationPropertiesBindException: Error creating bean with name 'freg.security.oidc-no.nav.freg.security.oidc.idp.config.IdpProperties': Could not bind properties to 'IdpProperties' : prefix=freg.security.oidc, ignoreInvalidFields=false, ignoreUnknownFields=true; nested exception is javax.validation.NoProviderFoundException: Unable to create a Configuration, because no Bean Validation provider could be found. Add a provider like Hibernate Validator (RI) to your classpath.
Caused by: org.springframework.beans.factory.UnsatisfiedDependencyException: Error creating bean with name 'jose4jConsumerFactory' defined in class path resource [no/nav/freg/security/oidc/idp/validation/jose4j/Jose4jValidationConfig.class]: Unsatisfied dependency expressed through method 'jose4jConsumerFactory' parameter 1; nested exception is org.springframework.beans.factory.UnsatisfiedDependencyException: Error creating bean with name 'idpRegistry' defined in class path resource [no/nav/freg/security/oidc/idp/config/IdpConfig.class]: Unsatisfied dependency expressed through method 'idpRegistry' parameter 0; nested exception is org.springframework.boot.context.properties.ConfigurationPropertiesBindException: Error creating bean with name 'freg.security.oidc-no.nav.freg.security.oidc.idp.config.IdpProperties': Could not bind properties to 'IdpProperties' : prefix=freg.security.oidc, ignoreInvalidFields=false, ignoreUnknownFields=true; nested exception is javax.validation.NoProviderFoundException: Unable to create a Configuration, because no Bean Validation provider could be found. Add a provider like Hibernate Validator (RI) to your classpath.
Caused by: org.springframework.beans.factory.UnsatisfiedDependencyException: Error creating bean with name 'idpRegistry' defined in class path resource [no/nav/freg/security/oidc/idp/config/IdpConfig.class]: Unsatisfied dependency expressed through method 'idpRegistry' parameter 0; nested exception is org.springframework.boot.context.properties.ConfigurationPropertiesBindException: Error creating bean with name 'freg.security.oidc-no.nav.freg.security.oidc.idp.config.IdpProperties': Could not bind properties to 'IdpProperties' : prefix=freg.security.oidc, ignoreInvalidFields=false, ignoreUnknownFields=true; nested exception is javax.validation.NoProviderFoundException: Unable to create a Configuration, because no Bean Validation provider could be found. Add a provider like Hibernate Validator (RI) to your classpath.
Caused by: org.springframework.boot.context.properties.ConfigurationPropertiesBindException: Error creating bean with name 'freg.security.oidc-no.nav.freg.security.oidc.idp.config.IdpProperties': Could not bind properties to 'IdpProperties' : prefix=freg.security.oidc, ignoreInvalidFields=false, ignoreUnknownFields=true; nested exception is javax.validation.NoProviderFoundException: Unable to create a Configuration, because no Bean Validation provider could be found. Add a provider like Hibernate Validator (RI) to your classpath.
Caused by: javax.validation.NoProviderFoundException: Unable to create a Configuration, because no Bean Validation provider could be found. Add a provider like Hibernate Validator (RI) to your classpath.

