<?xml version="1.0" encoding="UTF-8"?>
<testsuite xmlns:xsi="http://www.w3.org/2001/XMLSchema-instance" xsi:noNamespaceSchemaLocation="https://maven.apache.org/surefire/maven-surefire-plugin/xsd/surefire-test-report.xsd" name="no.nav.identpool.service.IdentGeneratorServiceTest" time="0.452" tests="6" errors="0" skipped="0" failures="0">
  <properties>
[...]
</properties>
  <testcase name="shouldThrowToDateAfterFromDate" classname="no.nav.identpool.service.IdentGeneratorServiceTest" time="0"/>
  <testcase name="shouldThrowToFewIdents" classname="no.nav.identpool.service.IdentGeneratorServiceTest" time="0.304"/>
  <testcase name="fnrGenererDescendingTest" classname="no.nav.identpool.service.IdentGeneratorServiceTest" time="0.008"/>
  <testcase name="bostGenererKjonnKriterier" classname="no.nav.identpool.service.IdentGeneratorServiceTest" time="0.046"/>
  <testcase name="fnrGenererKjonnKriterier" classname="no.nav.identpool.service.IdentGeneratorServiceTest" time="0.055"/>
  <testcase name="dnrGenererKjonnKriterier" classname="no.nav.identpool.service.IdentGeneratorServiceTest" time="0.039"/>
</testsuite>